<?xml version="1.0" encoding="UTF-8"?>
<!-- Generated by org.testng.reporters.JUnitReportReporter -->
<testsuite skipped="0" hostname="LT075305" name="OCTS_USECASE_Employee.EmployeeNameValidation" tests="1" failures="0" timestamp="21 Sep 2018 12:43:18 GMT" time="0.188" errors="0">
  <testcase name="empNameValidation" time="0.188" classname="OCTS_USECASE_Employee.EmployeeNameValidation"/>
</testsuite> <!-- OCTS_USECASE_Employee.EmployeeNameValidation -->
