<?xml version="1.0" encoding="UTF-8"?>
<!-- Generated by org.testng.reporters.JUnitReportReporter -->
<testsuite skipped="0" hostname="LT075305" name="OCTS_HCM_PersonDisability.DeletePersonDisabilityEmployeeValidation" tests="1" failures="0" timestamp="10 Sep 2018 03:07:17 GMT" time="0.001" errors="0">
  <testcase name="empNameValidation" time="0.001" classname="OCTS_HCM_PersonDisability.DeletePersonDisabilityEmployeeValidation"/>
</testsuite> <!-- OCTS_HCM_PersonDisability.DeletePersonDisabilityEmployeeValidation -->
