<?xml version="1.0" encoding="UTF-8"?>
<!-- Generated by org.testng.reporters.JUnitReportReporter -->
<testsuite skipped="0" hostname="LT075305" name="OCTS_USECASE_Employee.ScheduleAssignmentEmployeeValidation" tests="1" failures="0" timestamp="21 Sep 2018 03:35:52 GMT" time="0.318" errors="0">
  <testcase name="scheduleAssignmentEmployeeValidation" time="0.318" classname="OCTS_USECASE_Employee.ScheduleAssignmentEmployeeValidation"/>
</testsuite> <!-- OCTS_USECASE_Employee.ScheduleAssignmentEmployeeValidation -->
