<?xml version="1.0" encoding="UTF-8"?>
<!-- Generated by org.testng.reporters.JUnitReportReporter -->
<testsuite skipped="0" hostname="LT075305" name="OCTS_HCM_Automation_TestCases.EmployeePayrollEligible" tests="1" failures="0" timestamp="19 Aug 2018 11:13:48 GMT" time="0.071" errors="0">
  <testcase name="empAssignmentStatusValidation" time="0.071" classname="OCTS_HCM_Automation_TestCases.EmployeePayrollEligible"/>
</testsuite> <!-- OCTS_HCM_Automation_TestCases.EmployeePayrollEligible -->
