<?xml version="1.0" encoding="UTF-8"?>
<!-- Generated by org.testng.reporters.JUnitReportReporter -->
<testsuite skipped="0" hostname="LT075305" name="OCTS_USECASE_Employee.TerminateEmployee" tests="1" failures="0" timestamp="20 Sep 2018 07:30:38 GMT" time="61.924" errors="0">
  <testcase name="terminateEmployeevalidation" time="61.924" classname="OCTS_USECASE_Employee.TerminateEmployee"/>
</testsuite> <!-- OCTS_USECASE_Employee.TerminateEmployee -->
