<?xml version="1.0" encoding="UTF-8"?>
<!-- Generated by org.testng.reporters.JUnitReportReporter -->
<testsuite skipped="0" hostname="LT075305" name="OCTS_USECASE_Employee.DeleteAssignedPayrollEmployeeValidation" tests="1" failures="0" timestamp="21 Sep 2018 03:35:52 GMT" time="0.064" errors="0">
  <testcase name="deleteAssignedPayrollEmployeeValidation" time="0.064" classname="OCTS_USECASE_Employee.DeleteAssignedPayrollEmployeeValidation"/>
</testsuite> <!-- OCTS_USECASE_Employee.DeleteAssignedPayrollEmployeeValidation -->
