<?xml version="1.0" encoding="UTF-8"?>
<!-- Generated by org.testng.reporters.JUnitReportReporter -->
<testsuite skipped="0" hostname="LT075305" name="OCTS_USECASE_Employee.HCM_BenefitGroup_Webservice_MainClass" tests="1" failures="0" timestamp="21 Sep 2018 07:27:21 GMT" time="138.591" errors="0">
  <testcase name="HCM_BenefitGroup" time="138.591" classname="OCTS_USECASE_Employee.HCM_BenefitGroup_Webservice_MainClass"/>
</testsuite> <!-- OCTS_USECASE_Employee.HCM_BenefitGroup_Webservice_MainClass -->
