<?xml version="1.0" encoding="UTF-8"?>
<!-- Generated by org.testng.reporters.JUnitReportReporter -->
<testsuite skipped="0" hostname="LT075305" name="OCTS_USECASE_Employee.VerifyBenftPlanEnrollmnt" tests="1" failures="0" timestamp="22 Sep 2018 06:53:26 GMT" time="46.574" errors="0">
  <testcase name="verifybenefit" time="46.574" classname="OCTS_USECASE_Employee.VerifyBenftPlanEnrollmnt"/>
</testsuite> <!-- OCTS_USECASE_Employee.VerifyBenftPlanEnrollmnt -->
