<?xml version="1.0" encoding="UTF-8"?>
<!-- Generated by org.testng.reporters.JUnitReportReporter -->
<testsuite skipped="0" hostname="SriHarishith" name="ERP_Automation.ERP_FrontEnd_Template" tests="1" failures="0" timestamp="13 Nov 2017 00:39:23 GMT" time="0.770" errors="0">
  <testcase name="ERP_FrontEnd_Template1" time="0.770" classname="ERP_Automation.ERP_FrontEnd_Template"/>
</testsuite> <!-- ERP_Automation.ERP_FrontEnd_Template -->
