<?xml version="1.0" encoding="UTF-8"?>
<!-- Generated by org.testng.reporters.JUnitReportReporter -->
<testsuite skipped="0" hostname="LT075305" name="OCTS_USECASE_Employee.HCM_ScheduleAssignment_Webservice_MainClass" tests="1" failures="0" timestamp="23 Sep 2018 06:27:15 GMT" time="140.674" errors="0">
  <testcase name="HCM_ScheduleAssignment" time="140.674" classname="OCTS_USECASE_Employee.HCM_ScheduleAssignment_Webservice_MainClass"/>
</testsuite> <!-- OCTS_USECASE_Employee.HCM_ScheduleAssignment_Webservice_MainClass -->
