<?xml version="1.0" encoding="UTF-8"?>
<!-- Generated by org.testng.reporters.JUnitReportReporter -->
<testsuite skipped="0" hostname="LT075305" name="OCTS_USECASE_Employee.SalaryEmployeeValidation" tests="1" failures="0" timestamp="23 Sep 2018 05:39:52 GMT" time="0.122" errors="0">
  <testcase name="salaryEmployeeValidation" time="0.122" classname="OCTS_USECASE_Employee.SalaryEmployeeValidation"/>
</testsuite> <!-- OCTS_USECASE_Employee.SalaryEmployeeValidation -->
