<?xml version="1.0" encoding="UTF-8"?>
<!-- Generated by org.testng.reporters.JUnitReportReporter -->
<testsuite skipped="0" hostname="LT075305" name="OCTS_USECASE_Employee.BenefitGroupEmployeeValidation" tests="1" failures="0" timestamp="23 Sep 2018 05:11:56 GMT" time="0.530" errors="0">
  <testcase name="benefitGroupEmployeeValidation" time="0.530" classname="OCTS_USECASE_Employee.BenefitGroupEmployeeValidation"/>
</testsuite> <!-- OCTS_USECASE_Employee.BenefitGroupEmployeeValidation -->
