<?xml version="1.0" encoding="UTF-8"?>
<!-- Generated by org.testng.reporters.JUnitReportReporter -->
<testsuite skipped="0" hostname="LT075305" name="OCTS_HCM_BenefitGroup_Employee_AutomationTestCases.ERP_HCM_Webservice_MainClass" tests="1" failures="0" timestamp="10 Sep 2018 01:54:35 GMT" time="167.230" errors="0">
  <testcase name="OracleCloud_Financial_Webservices" time="167.230" classname="OCTS_HCM_BenefitGroup_Employee_AutomationTestCases.ERP_HCM_Webservice_MainClass"/>
</testsuite> <!-- OCTS_HCM_BenefitGroup_Employee_AutomationTestCases.ERP_HCM_Webservice_MainClass -->
