<?xml version="1.0" encoding="UTF-8"?>
<!-- Generated by org.testng.reporters.JUnitReportReporter -->
<testsuite skipped="0" hostname="LT075305" name="OCTS_USECASE_Employee.HCM_Worker_Webservice_MainClass" tests="1" failures="0" timestamp="23 Sep 2018 05:11:56 GMT" time="258.370" errors="0">
  <testcase name="HCM_Worker" time="258.370" classname="OCTS_USECASE_Employee.HCM_Worker_Webservice_MainClass"/>
</testsuite> <!-- OCTS_USECASE_Employee.HCM_Worker_Webservice_MainClass -->
