<?xml version="1.0" encoding="UTF-8"?>
<!-- Generated by org.testng.reporters.JUnitReportReporter -->
<testsuite skipped="0" hostname="LT075305" name="OCTS_USECASE_Employee.DeleteTimeRecordGroupEmployeeValidation" tests="1" failures="0" timestamp="23 Sep 2018 05:11:56 GMT" time="0.010" errors="0">
  <testcase name="deleteTimeRecordGroupEmployeeValidation" time="0.010" classname="OCTS_USECASE_Employee.DeleteTimeRecordGroupEmployeeValidation"/>
</testsuite> <!-- OCTS_USECASE_Employee.DeleteTimeRecordGroupEmployeeValidation -->
