<?xml version="1.0" encoding="UTF-8"?>
<!-- Generated by org.testng.reporters.JUnitReportReporter -->
<testsuite skipped="0" hostname="SriHarishith" name="ERP_Automation.AutomationPOCScripts" tests="2" failures="0" timestamp="13 Nov 2017 02:07:42 GMT" time="0.003" errors="0">
  <testcase name="f" time="0.002" classname="ERP_Automation.AutomationPOCScripts"/>
  <testcase name="f" time="0.001" classname="ERP_Automation.AutomationPOCScripts"/>
</testsuite> <!-- ERP_Automation.AutomationPOCScripts -->
