<?xml version="1.0" encoding="UTF-8"?>
<!-- Generated by org.testng.reporters.JUnitReportReporter -->
<testsuite skipped="0" hostname="SriHarishith" name="OCTS_Automation_Main_Modules.MainTriggerTestNG" tests="1" failures="0" timestamp="28 Nov 2017 23:29:35 GMT" time="2.281" errors="0">
  <testcase name="iterateThroughTestCases" time="2.281" classname="OCTS_Automation_Main_Modules.MainTriggerTestNG"/>
</testsuite> <!-- OCTS_Automation_Main_Modules.MainTriggerTestNG -->
