<?xml version="1.0" encoding="UTF-8"?>
<!-- Generated by org.testng.reporters.JUnitReportReporter -->
<testsuite skipped="0" hostname="LT075305" name="OCTS_USECASE_Employee.VerifyBenftPlanEnrollmnt" tests="1" failures="0" timestamp="22 Sep 2018 14:45:56 GMT" time="45.865" errors="0">
  <testcase name="verifybenefit" time="45.865" classname="OCTS_USECASE_Employee.VerifyBenftPlanEnrollmnt"/>
</testsuite> <!-- OCTS_USECASE_Employee.VerifyBenftPlanEnrollmnt -->
