<?xml version="1.0" encoding="UTF-8"?>
<!-- Generated by org.testng.reporters.JUnitReportReporter -->
<testsuite skipped="0" hostname="SriHarishith" name="ERP_Automation.ERP_FrontEnd" tests="1" failures="0" timestamp="07 Nov 2017 06:35:10 GMT" time="0.846" errors="0">
  <testcase name="run" time="0.846" classname="ERP_Automation.ERP_FrontEnd"/>
</testsuite> <!-- ERP_Automation.ERP_FrontEnd -->
