<?xml version="1.0" encoding="UTF-8"?>
<!-- Generated by org.testng.reporters.JUnitReportReporter -->
<testsuite skipped="0" hostname="LT075305" name="OCTS_USECASE_Employee.ScheduleAssignmentEmployeeValidation" tests="1" failures="0" timestamp="23 Sep 2018 06:27:15 GMT" time="0.251" errors="0">
  <testcase name="scheduleAssignmentEmployeeValidation" time="0.251" classname="OCTS_USECASE_Employee.ScheduleAssignmentEmployeeValidation"/>
</testsuite> <!-- OCTS_USECASE_Employee.ScheduleAssignmentEmployeeValidation -->
