<?xml version="1.0" encoding="UTF-8"?>
<!-- Generated by org.testng.reporters.JUnitReportReporter -->
<testsuite skipped="0" hostname="LT075305" name="OCTS_USECASE_Employee.DeleteScheduleAssignmentEmployeeValidation" tests="1" failures="0" timestamp="21 Sep 2018 12:43:18 GMT" time="0.042" errors="0">
  <testcase name="deleteScheduleAssignmentEmployeeValidation" time="0.042" classname="OCTS_USECASE_Employee.DeleteScheduleAssignmentEmployeeValidation"/>
</testsuite> <!-- OCTS_USECASE_Employee.DeleteScheduleAssignmentEmployeeValidation -->
