<?xml version="1.0" encoding="UTF-8"?>
<!-- Generated by org.testng.reporters.JUnitReportReporter -->
<testsuite skipped="0" hostname="LT075305" name="OCTS_USECASE_Employee.TerminateEmployee" tests="1" failures="0" timestamp="22 Sep 2018 12:05:40 GMT" time="84.862" errors="0">
  <testcase name="terminateEmployeevalidation" time="84.862" classname="OCTS_USECASE_Employee.TerminateEmployee"/>
</testsuite> <!-- OCTS_USECASE_Employee.TerminateEmployee -->
