<?xml version="1.0" encoding="UTF-8"?>
<!-- Generated by org.testng.reporters.JUnitReportReporter -->
<testsuite skipped="0" hostname="SriHarishith" name="ERP_Automation.backgroundimage" tests="1" failures="0" timestamp="07 Nov 2017 04:09:16 GMT" time="0.236" errors="0">
  <testcase name="run" time="0.236" classname="ERP_Automation.backgroundimage"/>
</testsuite> <!-- ERP_Automation.backgroundimage -->
