<?xml version="1.0" encoding="UTF-8"?>
<!-- Generated by org.testng.reporters.JUnitReportReporter -->
<testsuite skipped="0" hostname="LT075305" name="OCTS_USECASE_Employee.DeleteBenefitGroupEmployeeValidation" tests="1" failures="0" timestamp="21 Sep 2018 07:27:21 GMT" time="0.102" errors="0">
  <testcase name="deleteBenefitGroupEmployeeValidation" time="0.102" classname="OCTS_USECASE_Employee.DeleteBenefitGroupEmployeeValidation"/>
</testsuite> <!-- OCTS_USECASE_Employee.DeleteBenefitGroupEmployeeValidation -->
