<?xml version="1.0" encoding="UTF-8"?>
<!-- Generated by org.testng.reporters.JUnitReportReporter -->
<testsuite skipped="0" hostname="SriHarishith" name="OCTS_Finance_Automation_TestCases.ErrorReportGeneration" tests="1" failures="0" timestamp="24 Feb 2018 19:32:17 GMT" time="0.441" errors="0">
  <testcase name="journalErrorReportGeneration" time="0.441" classname="OCTS_Finance_Automation_TestCases.ErrorReportGeneration"/>
</testsuite> <!-- OCTS_Finance_Automation_TestCases.ErrorReportGeneration -->
