<?xml version="1.0" encoding="UTF-8"?>
<!-- Generated by org.testng.reporters.JUnitReportReporter -->
<testsuite skipped="0" hostname="LT075305" name="OCTS_USECASE_Employee.HCM_Salary_Webservice_MainClass" tests="1" failures="0" timestamp="23 Sep 2018 05:39:52 GMT" time="159.588" errors="0">
  <testcase name="HCM_Salary" time="159.588" classname="OCTS_USECASE_Employee.HCM_Salary_Webservice_MainClass"/>
</testsuite> <!-- OCTS_USECASE_Employee.HCM_Salary_Webservice_MainClass -->
