<?xml version="1.0" encoding="UTF-8"?>
<!-- Generated by org.testng.reporters.JUnitReportReporter -->
<testsuite skipped="0" hostname="SriHarishith" name="ERP_Automation.ERP_MainDriver_Script" tests="1" failures="0" timestamp="14 Nov 2017 04:20:38 GMT" time="75.620" errors="0">
  <testcase name="ERPDriver" time="75.620" classname="ERP_Automation.ERP_MainDriver_Script"/>
</testsuite> <!-- ERP_Automation.ERP_MainDriver_Script -->
