<?xml version="1.0" encoding="UTF-8"?>
<!-- Generated by org.testng.reporters.JUnitReportReporter -->
<testsuite skipped="0" hostname="SriHarishith" name="ERP_Automation.swing_test" tests="1" failures="0" timestamp="07 Nov 2017 06:38:11 GMT" time="0.871" errors="0">
  <testcase name="swing_test" time="0.871" classname="ERP_Automation.swing_test"/>
</testsuite> <!-- ERP_Automation.swing_test -->
