<?xml version="1.0" encoding="UTF-8"?>
<!-- Generated by org.testng.reporters.JUnitReportReporter -->
<testsuite skipped="0" hostname="SriHarishith" name="OCTS_Finance_Automation_TestCases.ERP_Financial_Webservice_MainClass" tests="1" failures="0" timestamp="24 Feb 2018 19:32:17 GMT" time="119.287" errors="0">
  <testcase name="OracleCloud_Financial_Webservices" time="119.287" classname="OCTS_Finance_Automation_TestCases.ERP_Financial_Webservice_MainClass"/>
</testsuite> <!-- OCTS_Finance_Automation_TestCases.ERP_Financial_Webservice_MainClass -->
