<?xml version="1.0" encoding="UTF-8"?>
<!-- Generated by org.testng.reporters.JUnitReportReporter -->
<testsuite skipped="0" hostname="LT075305" name="OCTS_HCM_PersonDisability.ERP_HCM_Webservice_MainClass" tests="1" failures="0" timestamp="10 Sep 2018 03:07:17 GMT" time="136.055" errors="0">
  <testcase name="OracleCloud_Financial_Webservices" time="136.055" classname="OCTS_HCM_PersonDisability.ERP_HCM_Webservice_MainClass"/>
</testsuite> <!-- OCTS_HCM_PersonDisability.ERP_HCM_Webservice_MainClass -->
