<?xml version="1.0" encoding="UTF-8"?>
<!-- Generated by org.testng.reporters.JUnitReportReporter -->
<testsuite skipped="0" hostname="LT075305" name="OCTS_USECASE_Employee.TimeRecordGroupEmployeeValidation" tests="1" failures="0" timestamp="23 Sep 2018 05:56:19 GMT" time="89.293" errors="0">
  <testcase name="timeRecordGroupEmployeeValidation" time="89.293" classname="OCTS_USECASE_Employee.TimeRecordGroupEmployeeValidation"/>
</testsuite> <!-- OCTS_USECASE_Employee.TimeRecordGroupEmployeeValidation -->
