<?xml version="1.0" encoding="UTF-8"?>
<!-- Generated by org.testng.reporters.JUnitReportReporter -->
<testsuite skipped="0" hostname="SriHarishith" name="ERP_Automation.ERP_Financial_Webservice_MainClass" tests="1" failures="0" timestamp="20 Nov 2017 02:53:02 GMT" time="136.202" errors="0">
  <testcase name="OracleCloud_Financial_Webservices" time="136.202" classname="ERP_Automation.ERP_Financial_Webservice_MainClass"/>
</testsuite> <!-- ERP_Automation.ERP_Financial_Webservice_MainClass -->
