<?xml version="1.0" encoding="UTF-8"?>
<!-- Generated by org.testng.reporters.JUnitReportReporter -->
<testsuite skipped="0" hostname="LT075305" name="OCTS_USECASE_Employee.TimeRecordGroupEmployeeValidation" tests="1" failures="0" timestamp="21 Sep 2018 07:27:21 GMT" time="0.056" errors="0">
  <testcase name="timeRecordGroupEmployeeValidation" time="0.056" classname="OCTS_USECASE_Employee.TimeRecordGroupEmployeeValidation"/>
</testsuite> <!-- OCTS_USECASE_Employee.TimeRecordGroupEmployeeValidation -->
