<?xml version="1.0" encoding="UTF-8"?>
<!-- Generated by org.testng.reporters.JUnitReportReporter -->
<testsuite skipped="0" hostname="LT075305" name="OCTS_USECASE_Employee.ProcessLifeEvent" tests="1" failures="0" timestamp="22 Sep 2018 06:53:26 GMT" time="91.509" errors="0">
  <testcase name="PersonLifeEventvalidation" time="91.509" classname="OCTS_USECASE_Employee.ProcessLifeEvent"/>
</testsuite> <!-- OCTS_USECASE_Employee.ProcessLifeEvent -->
