<?xml version="1.0" encoding="UTF-8"?>
<!-- Generated by org.testng.reporters.JUnitReportReporter -->
<testsuite skipped="0" hostname="LT075305" name="OCTS_HCM_Automation_TestCases.ERP_HCM_Webservice_MainClass" tests="1" failures="0" timestamp="09 Sep 2018 17:20:33 GMT" time="241.702" errors="0">
  <testcase name="OracleCloud_Financial_Webservices" time="241.702" classname="OCTS_HCM_Automation_TestCases.ERP_HCM_Webservice_MainClass"/>
</testsuite> <!-- OCTS_HCM_Automation_TestCases.ERP_HCM_Webservice_MainClass -->
