<?xml version="1.0" encoding="UTF-8"?>
<!-- Generated by org.testng.reporters.JUnitReportReporter -->
<testsuite skipped="0" hostname="LT075305" name="OCTS_USECASE_Employee.TerminateEmployee" tests="1" failures="0" timestamp="22 Sep 2018 04:54:36 GMT" time="1751.392" errors="0">
  <testcase name="terminateEmployeevalidation" time="1751.392" classname="OCTS_USECASE_Employee.TerminateEmployee"/>
</testsuite> <!-- OCTS_USECASE_Employee.TerminateEmployee -->
