<?xml version="1.0" encoding="UTF-8"?>
<!-- Generated by org.testng.reporters.JUnitXMLReporter -->
<testsuite hostname="LT075305" ignored="0" name="test-number-26" tests="1" failures="0" timestamp="21 Sep 2018 12:43:15 GMT" time="0.214" errors="0">
  <testcase name="personAbsenceEmployeeValidation" time="0.211" classname="OCTS_USECASE_Employee.PersonAbsenceEmployeeValidation"/>
</testsuite> <!-- test-number-26 -->
