<?xml version="1.0" encoding="UTF-8"?>
<!-- Generated by org.testng.reporters.JUnitXMLReporter -->
<testsuite hostname="LT075305" ignored="0" name="test-number-23" tests="1" failures="0" timestamp="21 Sep 2018 03:26:51 GMT" time="0.06" errors="0">
  <testcase name="assignedPayrollEmployeeValidation" time="0.058" classname="OCTS_USECASE_Employee.AssignedPayrollEmployeeValidation"/>
</testsuite> <!-- test-number-23 -->
