<?xml version="1.0" encoding="UTF-8"?>
<!-- Generated by org.testng.reporters.JUnitXMLReporter -->
<testsuite hostname="LT075305" ignored="0" name="test-number-26" tests="1" failures="0" timestamp="21 Sep 2018 03:35:51 GMT" time="0.038" errors="0">
  <testcase name="personAbsenceEmployeeValidation" time="0.038" classname="OCTS_USECASE_Employee.PersonAbsenceEmployeeValidation"/>
</testsuite> <!-- test-number-26 -->
