<?xml version="1.0" encoding="UTF-8"?>
<!-- Generated by org.testng.reporters.JUnitXMLReporter -->
<testsuite hostname="LT075305" ignored="0" name="test-number-21" tests="1" failures="0" timestamp="21 Sep 2018 07:27:16 GMT" time="0.189" errors="0">
  <testcase name="deleteTimeRecordGroupEmployeeValidation" time="0.188" classname="OCTS_USECASE_Employee.DeleteTimeRecordGroupEmployeeValidation"/>
</testsuite> <!-- test-number-21 -->
