<?xml version="1.0" encoding="UTF-8"?>
<!-- Generated by org.testng.reporters.JUnitXMLReporter -->
<testsuite hostname="LT075305" ignored="0" name="test-number-0" tests="1" failures="0" timestamp="22 Sep 2018 06:51:07 GMT" time="95.847" errors="0">
  <testcase name="PersonLifeEventvalidation" time="95.742" classname="OCTS_USECASE_Employee.PersonLifeEvent"/>
</testsuite> <!-- test-number-0 -->
