<?xml version="1.0" encoding="UTF-8"?>
<!-- Generated by org.testng.reporters.JUnitXMLReporter -->
<testsuite hostname="LT075305" ignored="0" name="test-number-4" tests="1" failures="0" timestamp="21 Sep 2018 03:12:35 GMT" time="0.127" errors="0">
  <testcase name="empAssignmentStatusValidation" time="0.125" classname="OCTS_USECASE_Employee.EmployeePayTypeValidation"/>
</testsuite> <!-- test-number-4 -->
