<?xml version="1.0" encoding="UTF-8"?>
<!-- Generated by org.testng.reporters.JUnitXMLReporter -->
<testsuite hostname="LT075305" ignored="0" name="test-number-5" tests="1" failures="0" timestamp="21 Sep 2018 03:12:36 GMT" time="0.131" errors="0">
  <testcase name="empAssignmentStatusValidation" time="0.126" classname="OCTS_USECASE_Employee.EmployeePayrollEligible"/>
</testsuite> <!-- test-number-5 -->
