<?xml version="1.0" encoding="UTF-8"?>
<!-- Generated by org.testng.reporters.JUnitXMLReporter -->
<testsuite hostname="LT075305" ignored="0" name="test-number-0" tests="1" failures="0" timestamp="21 Sep 2018 03:12:34 GMT" time="199.811" errors="0">
  <testcase name="HCM_Worker" time="199.751" classname="OCTS_USECASE_Employee.HCM_Worker_Webservice_MainClass"/>
</testsuite> <!-- test-number-0 -->
