<?xml version="1.0" encoding="UTF-8"?>
<!-- Generated by org.testng.reporters.JUnitXMLReporter -->
<testsuite hostname="LT075305" ignored="0" name="test-number-1" tests="1" failures="0" timestamp="21 Sep 2018 03:12:35 GMT" time="0.328" errors="0">
  <testcase name="empNameValidation" time="0.325" classname="OCTS_USECASE_Employee.EmployeeNameValidation"/>
</testsuite> <!-- test-number-1 -->
