<?xml version="1.0" encoding="UTF-8"?>
<!-- Generated by org.testng.reporters.JUnitXMLReporter -->
<testsuite hostname="LT075305" ignored="0" name="test-number-8" tests="1" failures="0" timestamp="21 Sep 2018 03:14:49 GMT" time="0.198" errors="0">
  <testcase name="benefitGroupEmployeeValidation" time="0.187" classname="OCTS_USECASE_Employee.BenefitGroupEmployeeValidation"/>
</testsuite> <!-- test-number-8 -->
