<?xml version="1.0" encoding="UTF-8"?>
<!-- Generated by org.testng.reporters.JUnitXMLReporter -->
<testsuite hostname="LT075305" ignored="0" name="test-number-11" tests="1" failures="0" timestamp="23 Sep 2018 04:46:55 GMT" time="0.142" errors="0">
  <testcase name="personDisabilityEmployeeValidation" time="0.132" classname="OCTS_USECASE_Employee.PersonDisabilityEmployeeValidation"/>
</testsuite> <!-- test-number-11 -->
