<?xml version="1.0" encoding="UTF-8"?>
<!-- Generated by org.testng.reporters.JUnitXMLReporter -->
<testsuite hostname="LT075305" ignored="0" name="test-number-22" tests="1" failures="0" timestamp="21 Sep 2018 03:26:51 GMT" time="136.881" errors="0">
  <testcase name="HCM_AssignedPayroll" time="136.878" classname="OCTS_USECASE_Employee.HCM_AssignedPayroll_Webservice_MainClass"/>
</testsuite> <!-- test-number-22 -->
