<?xml version="1.0" encoding="UTF-8"?>
<!-- Generated by org.testng.reporters.JUnitXMLReporter -->
<testsuite hostname="LT075305" ignored="0" name="test-number-3" tests="1" failures="0" timestamp="23 Sep 2018 05:37:13 GMT" time="0.073" errors="0">
  <testcase name="scheduleAssignmentEmployeeValidation" time="0.069" classname="OCTS_USECASE_Employee.ScheduleAssignmentEmployeeValidation"/>
</testsuite> <!-- test-number-3 -->
