<?xml version="1.0" encoding="UTF-8"?>
<!-- Generated by org.testng.reporters.JUnitXMLReporter -->
<testsuite hostname="LT075305" ignored="0" name="test-number-2" tests="1" failures="0" timestamp="21 Sep 2018 03:12:35 GMT" time="0.266" errors="0">
  <testcase name="empAssignmentValidation" time="0.263" classname="OCTS_USECASE_Employee.EmployeeAssignmentValidation"/>
</testsuite> <!-- test-number-2 -->
