<?xml version="1.0" encoding="UTF-8"?>
<!-- Generated by org.testng.reporters.JUnitXMLReporter -->
<testsuite hostname="LT075305" ignored="0" name="test-number-17" tests="1" failures="0" timestamp="21 Sep 2018 12:35:04 GMT" time="0.133" errors="0">
  <testcase name="scheduleAssignmentEmployeeValidation" time="0.13" classname="OCTS_USECASE_Employee.ScheduleAssignmentEmployeeValidation"/>
</testsuite> <!-- test-number-17 -->
