<?xml version="1.0" encoding="UTF-8"?>
<!-- Generated by org.testng.reporters.JUnitXMLReporter -->
<testsuite hostname="LT075305" ignored="0" name="test-number-15" tests="1" failures="0" timestamp="21 Sep 2018 07:27:05 GMT" time="0.059" errors="0">
  <testcase name="deleteSalaryEmployeeValidation" time="0.055" classname="OCTS_USECASE_Employee.DeleteSalaryEmployeeValidation"/>
</testsuite> <!-- test-number-15 -->
