<?xml version="1.0" encoding="UTF-8"?>
<!-- Generated by org.testng.reporters.JUnitXMLReporter -->
<testsuite hostname="LT075305" ignored="0" name="test-number-19" tests="1" failures="0" timestamp="23 Sep 2018 05:06:40 GMT" time="909.66" errors="0">
  <testcase name="HCM_TimeRecordGroup" time="909.646" classname="OCTS_USECASE_Employee.HCM_TimeRecordGroupWebservice_MainClass"/>
</testsuite> <!-- test-number-19 -->
