<?xml version="1.0" encoding="UTF-8"?>
<!-- Generated by org.testng.reporters.JUnitXMLReporter -->
<testsuite hostname="LT075305" ignored="0" name="test-number-0" tests="1" failures="0" timestamp="23 Sep 2018 06:27:13 GMT" time="140.759" errors="0">
  <testcase name="HCM_ScheduleAssignment" time="140.659" classname="OCTS_USECASE_Employee.HCM_ScheduleAssignment_Webservice_MainClass"/>
</testsuite> <!-- test-number-0 -->
