<?xml version="1.0" encoding="UTF-8"?>
<!-- Generated by org.testng.reporters.JUnitXMLReporter -->
<testsuite hostname="LT075305" ignored="0" name="test-number-28" tests="1" failures="0" timestamp="22 Sep 2018 12:04:13 GMT" time="135.585" errors="0">
  <testcase name="HCM_PersonAbsence" time="135.583" classname="OCTS_USECASE_Employee.HCM_PersonAbsence_Webservice_MainClass"/>
</testsuite> <!-- test-number-28 -->
