<?xml version="1.0" encoding="UTF-8"?>
<!-- Generated by org.testng.reporters.JUnitXMLReporter -->
<testsuite hostname="LT075305" ignored="0" name="test-number-22" tests="1" failures="0" timestamp="23 Sep 2018 05:08:56 GMT" time="136.263" errors="0">
  <testcase name="HCM_AssignedPayroll" time="136.261" classname="OCTS_USECASE_Employee.HCM_AssignedPayroll_Webservice_MainClass"/>
</testsuite> <!-- test-number-22 -->
