<?xml version="1.0" encoding="UTF-8"?>
<!-- Generated by org.testng.reporters.JUnitXMLReporter -->
<testsuite hostname="LT075305" ignored="0" name="test-number-10" tests="1" failures="0" timestamp="21 Sep 2018 03:17:04 GMT" time="134.416" errors="0">
  <testcase name="HCM_PersonDisability" time="134.411" classname="OCTS_USECASE_Employee.HCM_PersonDisability_Webservice_MainClass"/>
</testsuite> <!-- test-number-10 -->
