<?xml version="1.0" encoding="UTF-8"?>
<!-- Generated by org.testng.reporters.JUnitXMLReporter -->
<testsuite hostname="LT075305" ignored="0" name="test-number-1" tests="1" failures="0" timestamp="21 Sep 2018 07:20:11 GMT" time="0.348" errors="0">
  <testcase name="empNameValidation" time="0.344" classname="OCTS_USECASE_Employee.EmployeeNameValidation"/>
</testsuite> <!-- test-number-1 -->
