<?xml version="1.0" encoding="UTF-8"?>
<!-- Generated by org.testng.reporters.JUnitXMLReporter -->
<testsuite hostname="LT075305" ignored="0" name="test-number-1" tests="1" failures="0" timestamp="23 Sep 2018 06:27:14 GMT" time="0.255" errors="0">
  <testcase name="scheduleAssignmentEmployeeValidation" time="0.25" classname="OCTS_USECASE_Employee.ScheduleAssignmentEmployeeValidation"/>
</testsuite> <!-- test-number-1 -->
