<?xml version="1.0" encoding="UTF-8"?>
<!-- Generated by org.testng.reporters.JUnitXMLReporter -->
<testsuite hostname="LT075305" ignored="0" name="test-number-26" tests="1" failures="0" timestamp="23 Sep 2018 05:11:54 GMT" time="0.052" errors="0">
  <testcase name="personAbsenceEmployeeValidation" time="0.05" classname="OCTS_USECASE_Employee.PersonAbsenceEmployeeValidation"/>
</testsuite> <!-- test-number-26 -->
