<?xml version="1.0" encoding="UTF-8"?>
<!-- Generated by org.testng.reporters.JUnitXMLReporter -->
<testsuite hostname="LT075305" ignored="0" name="test-number-5" tests="1" failures="1" timestamp="23 Sep 2018 05:39:51 GMT" time="0.14" errors="0">
  <testcase name="timeRecordGroupEmployeeValidation" time="0.111" classname="OCTS_USECASE_Employee.TimeRecordGroupEmployeeValidation">
    <failure type="java.lang.NullPointerException">
      <![CDATA[java.lang.NullPointerException
at OCTS_USECASE_Employee.TimeRecordGroupEmployeeValidation.getFirstAndLastName(TimeRecordGroupEmployeeValidation.java:42)
at OCTS_USECASE_Employee.TimeRecordGroupEmployeeValidation.timeRecordGroupEmployeeValidation(TimeRecordGroupEmployeeValidation.java:69)
at OCTS_Automation_Main_Modules.Invoke_TestNG_Classes.iterateThroughTestCases(Invoke_TestNG_Classes.java:171)
at OCTS_UI.FXMLController$1.call(FXMLController.java:580)
at javafx.concurrent.Task$TaskCallable.call(Task.java:1423)
at java.util.concurrent.FutureTask.run(Unknown Source)
at java.lang.Thread.run(Unknown Source)
... Removed 22 stack frames]]>
    </failure>
  </testcase> <!-- timeRecordGroupEmployeeValidation -->
</testsuite> <!-- test-number-5 -->
