<?xml version="1.0" encoding="UTF-8"?>
<!-- Generated by org.testng.reporters.JUnitXMLReporter -->
<testsuite hostname="LT075305" ignored="0" name="test-number-24" tests="1" failures="0" timestamp="21 Sep 2018 12:40:31 GMT" time="0.103" errors="0">
  <testcase name="deleteAssignedPayrollEmployeeValidation" time="0.1" classname="OCTS_USECASE_Employee.DeleteAssignedPayrollEmployeeValidation"/>
</testsuite> <!-- test-number-24 -->
