<?xml version="1.0" encoding="UTF-8"?>
<!-- Generated by org.testng.reporters.JUnitXMLReporter -->
<testsuite hostname="LT075305" ignored="0" name="test-number-16" tests="1" failures="0" timestamp="21 Sep 2018 12:35:04 GMT" time="138.05" errors="0">
  <testcase name="HCM_ScheduleAssignment" time="138.047" classname="OCTS_USECASE_Employee.HCM_ScheduleAssignment_Webservice_MainClass"/>
</testsuite> <!-- test-number-16 -->
