<?xml version="1.0" encoding="UTF-8"?>
<!-- Generated by org.testng.reporters.JUnitXMLReporter -->
<testsuite hostname="LT075305" ignored="0" name="test-number-19" tests="1" failures="0" timestamp="21 Sep 2018 03:24:34 GMT" time="179.294" errors="0">
  <testcase name="HCM_TimeRecordGroup" time="179.29" classname="OCTS_USECASE_Employee.HCM_TimeRecordGroupWebservice_MainClass"/>
</testsuite> <!-- test-number-19 -->
