<?xml version="1.0" encoding="UTF-8"?>
<!-- Generated by org.testng.reporters.JUnitXMLReporter -->
<testsuite hostname="LT075305" ignored="0" name="test-number-29" tests="1" failures="0" timestamp="22 Sep 2018 12:04:13 GMT" time="0.023" errors="0">
  <testcase name="personAbsenceEmployeeValidation" time="0.021" classname="OCTS_USECASE_Employee.PersonAbsenceEmployeeValidation"/>
</testsuite> <!-- test-number-29 -->
