<?xml version="1.0" encoding="UTF-8"?>
<!-- Generated by org.testng.reporters.JUnitXMLReporter -->
<testsuite hostname="LT075305" ignored="0" name="test-number-13" tests="1" failures="0" timestamp="21 Sep 2018 12:32:45 GMT" time="139.236" errors="0">
  <testcase name="HCM_Salary" time="139.232" classname="OCTS_USECASE_Employee.HCM_Salary_Webservice_MainClass"/>
</testsuite> <!-- test-number-13 -->
