<?xml version="1.0" encoding="UTF-8"?>
<!-- Generated by org.testng.reporters.JUnitXMLReporter -->
<testsuite hostname="LT075305" ignored="0" name="test-number-22" tests="1" failures="0" timestamp="21 Sep 2018 12:40:30 GMT" time="164.724" errors="0">
  <testcase name="HCM_AssignedPayroll" time="164.721" classname="OCTS_USECASE_Employee.HCM_AssignedPayroll_Webservice_MainClass"/>
</testsuite> <!-- test-number-22 -->
