<?xml version="1.0" encoding="UTF-8"?>
<!-- Generated by org.testng.reporters.JUnitXMLReporter -->
<testsuite hostname="LT075305" ignored="0" name="test-number-20" tests="1" failures="0" timestamp="21 Sep 2018 07:27:16 GMT" time="0.058" errors="0">
  <testcase name="timeRecordGroupEmployeeValidation" time="0.056" classname="OCTS_USECASE_Employee.TimeRecordGroupEmployeeValidation"/>
</testsuite> <!-- test-number-20 -->
