<?xml version="1.0" encoding="UTF-8"?>
<!-- Generated by org.testng.reporters.JUnitXMLReporter -->
<testsuite hostname="LT075305" ignored="0" name="test-number-19" tests="1" failures="0" timestamp="21 Sep 2018 12:37:45 GMT" time="161.574" errors="0">
  <testcase name="HCM_TimeRecordGroup" time="161.57" classname="OCTS_USECASE_Employee.HCM_TimeRecordGroupWebservice_MainClass"/>
</testsuite> <!-- test-number-19 -->
