<?xml version="1.0" encoding="UTF-8"?>
<!-- Generated by org.testng.reporters.JUnitXMLReporter -->
<testsuite hostname="LT075305" ignored="0" name="test-number-9" tests="1" failures="0" timestamp="23 Sep 2018 04:44:37 GMT" time="0.151" errors="0">
  <testcase name="deleteBenefitGroupEmployeeValidation" time="0.147" classname="OCTS_USECASE_Employee.DeleteBenefitGroupEmployeeValidation"/>
</testsuite> <!-- test-number-9 -->
