<?xml version="1.0" encoding="UTF-8"?>
<!-- Generated by org.testng.reporters.JUnitXMLReporter -->
<testsuite hostname="LT075305" ignored="0" name="test-number-11" tests="1" failures="0" timestamp="21 Sep 2018 12:30:26 GMT" time="0.059" errors="0">
  <testcase name="personDisabilityEmployeeValidation" time="0.056" classname="OCTS_USECASE_Employee.PersonDisabilityEmployeeValidation"/>
</testsuite> <!-- test-number-11 -->
