<?xml version="1.0" encoding="UTF-8"?>
<!-- Generated by org.testng.reporters.JUnitXMLReporter -->
<testsuite hostname="LT075305" ignored="0" name="test-number-17" tests="1" failures="0" timestamp="23 Sep 2018 04:51:30 GMT" time="0.045" errors="0">
  <testcase name="scheduleAssignmentEmployeeValidation" time="0.04" classname="OCTS_USECASE_Employee.ScheduleAssignmentEmployeeValidation"/>
</testsuite> <!-- test-number-17 -->
