<?xml version="1.0" encoding="UTF-8"?>
<!-- Generated by org.testng.reporters.JUnitXMLReporter -->
<testsuite hostname="LT075305" ignored="0" name="test-number-25" tests="1" failures="1" timestamp="21 Sep 2018 07:27:19 GMT" time="1.264" errors="0">
  <testcase name="HCM_PersonAbsence" time="1.262" classname="OCTS_USECASE_Employee.HCM_PersonAbsence_Webservice_MainClass">
    <failure type="java.lang.Exception" message="UploadFileToUcm: Error occurred while sending SOAP Request to Server">
      <![CDATA[java.lang.Exception: UploadFileToUcm: Error occurred while sending SOAP Request to Server
at OCTS_USECASE_Employee.HCM_PersonAbsence_Webservice_MainClass.HCM_PersonAbsence(HCM_PersonAbsence_Webservice_MainClass.java:389)
at OCTS_Automation_Main_Modules.Invoke_TestNG_Classes.iterateThroughTestCases(Invoke_TestNG_Classes.java:171)
at OCTS_UI.FXMLController$1.call(FXMLController.java:580)
at javafx.concurrent.Task$TaskCallable.call(Task.java:1423)
at java.util.concurrent.FutureTask.run(Unknown Source)
at java.lang.Thread.run(Unknown Source)
... Removed 22 stack frames]]>
    </failure>
  </testcase> <!-- HCM_PersonAbsence -->
</testsuite> <!-- test-number-25 -->
