<?xml version="1.0" encoding="UTF-8"?>
<!-- Generated by org.testng.reporters.JUnitXMLReporter -->
<testsuite hostname="LT075305" ignored="0" name="test-number-2" tests="1" failures="0" timestamp="22 Sep 2018 06:53:25 GMT" time="46.575" errors="0">
  <testcase name="verifybenefit" time="46.574" classname="OCTS_USECASE_Employee.VerifyBenftPlanEnrollmnt"/>
</testsuite> <!-- test-number-2 -->
