<?xml version="1.0" encoding="UTF-8"?>
<!-- Generated by org.testng.reporters.JUnitXMLReporter -->
<testsuite hostname="LT075305" ignored="0" name="test-number-30" tests="1" failures="0" timestamp="22 Sep 2018 12:04:13 GMT" time="0.018" errors="0">
  <testcase name="deletePersonAbsenceEmployeeValidation" time="0.018" classname="OCTS_USECASE_Employee.DeletePersonAbsenceEmployeeValidation"/>
</testsuite> <!-- test-number-30 -->
