<?xml version="1.0" encoding="UTF-8"?>
<!-- Generated by org.testng.reporters.JUnitXMLReporter -->
<testsuite hostname="LT075305" ignored="0" name="test-number-12" tests="1" failures="0" timestamp="21 Sep 2018 07:24:30 GMT" time="0.072" errors="0">
  <testcase name="deletePersonDisabilityEmployeeValidation" time="0.069" classname="OCTS_USECASE_Employee.DeletePersonDisabilityEmployeeValidation"/>
</testsuite> <!-- test-number-12 -->
