<?xml version="1.0" encoding="UTF-8"?>
<!-- Generated by org.testng.reporters.JUnitXMLReporter -->
<testsuite hostname="LT075305" ignored="0" name="test-number-13" tests="1" failures="0" timestamp="21 Sep 2018 07:27:05 GMT" time="154.995" errors="0">
  <testcase name="HCM_Salary" time="154.986" classname="OCTS_USECASE_Employee.HCM_Salary_Webservice_MainClass"/>
</testsuite> <!-- test-number-13 -->
