<?xml version="1.0" encoding="UTF-8"?>
<!-- Generated by org.testng.reporters.JUnitXMLReporter -->
<testsuite hostname="LT075305" ignored="0" name="test-number-14" tests="1" failures="0" timestamp="23 Sep 2018 04:49:12 GMT" time="0.021" errors="0">
  <testcase name="salaryEmployeeValidation" time="0.019" classname="OCTS_USECASE_Employee.SalaryEmployeeValidation"/>
</testsuite> <!-- test-number-14 -->
