<?xml version="1.0" encoding="UTF-8"?>
<!-- Generated by org.testng.reporters.JUnitXMLReporter -->
<testsuite hostname="LT075305" ignored="0" name="test-number-25" tests="1" failures="0" timestamp="21 Sep 2018 12:43:15 GMT" time="163.835" errors="0">
  <testcase name="HCM_PersonAbsence" time="163.831" classname="OCTS_USECASE_Employee.HCM_PersonAbsence_Webservice_MainClass"/>
</testsuite> <!-- test-number-25 -->
