<?xml version="1.0" encoding="UTF-8"?>
<!-- Generated by org.testng.reporters.JUnitXMLReporter -->
<testsuite hostname="LT075305" ignored="0" name="test-number-20" tests="1" failures="0" timestamp="21 Sep 2018 03:24:34 GMT" time="0.134" errors="0">
  <testcase name="timeRecordGroupEmployeeValidation" time="0.128" classname="OCTS_USECASE_Employee.TimeRecordGroupEmployeeValidation"/>
</testsuite> <!-- test-number-20 -->
