<?xml version="1.0" encoding="UTF-8"?>
<!-- Generated by org.testng.reporters.JUnitXMLReporter -->
<testsuite hostname="LT075305" ignored="0" name="test-number-6" tests="1" failures="0" timestamp="21 Sep 2018 07:20:12 GMT" time="0.191" errors="0">
  <testcase name="empAssignmentStatusValidation" time="0.189" classname="OCTS_USECASE_Employee.EmployeeStandardHoursValidation"/>
</testsuite> <!-- test-number-6 -->
