<?xml version="1.0" encoding="UTF-8"?>
<!-- Generated by org.testng.reporters.JUnitXMLReporter -->
<testsuite hostname="LT075305" ignored="0" name="test-number-7" tests="1" failures="0" timestamp="21 Sep 2018 12:28:07 GMT" time="158.688" errors="0">
  <testcase name="HCM_BenefitGroup" time="158.685" classname="OCTS_USECASE_Employee.HCM_BenefitGroup_Webservice_MainClass"/>
</testsuite> <!-- test-number-7 -->
