<?xml version="1.0" encoding="UTF-8"?>
<!-- Generated by org.testng.reporters.JUnitXMLReporter -->
<testsuite hostname="LT075305" ignored="0" name="test-number-25" tests="1" failures="0" timestamp="23 Sep 2018 05:11:54 GMT" time="176.87" errors="0">
  <testcase name="HCM_PersonAbsence" time="176.868" classname="OCTS_USECASE_Employee.HCM_PersonAbsence_Webservice_MainClass"/>
</testsuite> <!-- test-number-25 -->
