<?xml version="1.0" encoding="UTF-8"?>
<!-- Generated by org.testng.reporters.JUnitXMLReporter -->
<testsuite hostname="LT075305" ignored="0" name="test-number-1" tests="1" failures="0" timestamp="22 Sep 2018 06:52:39 GMT" time="91.512" errors="0">
  <testcase name="PersonLifeEventvalidation" time="91.508" classname="OCTS_USECASE_Employee.ProcessLifeEvent"/>
</testsuite> <!-- test-number-1 -->
