<?xml version="1.0" encoding="UTF-8"?>
<!-- Generated by org.testng.reporters.JUnitXMLReporter -->
<testsuite hostname="LT075305" ignored="0" name="test-number-31" tests="1" failures="0" timestamp="22 Sep 2018 12:05:37 GMT" time="84.862" errors="0">
  <testcase name="terminateEmployeevalidation" time="84.861" classname="OCTS_USECASE_Employee.TerminateEmployee"/>
</testsuite> <!-- test-number-31 -->
