<?xml version="1.0" encoding="UTF-8"?>
<!-- Generated by org.testng.reporters.JUnitXMLReporter -->
<testsuite hostname="LT075305" ignored="0" name="test-number-27" tests="1" failures="0" timestamp="21 Sep 2018 12:43:15 GMT" time="0.056" errors="0">
  <testcase name="deletePersonAbsenceEmployeeValidation" time="0.053" classname="OCTS_USECASE_Employee.DeletePersonAbsenceEmployeeValidation"/>
</testsuite> <!-- test-number-27 -->
