<?xml version="1.0" encoding="UTF-8"?>
<!-- Generated by org.testng.reporters.JUnitXMLReporter -->
<testsuite hostname="LT075305" ignored="0" name="test-number-18" tests="1" failures="0" timestamp="21 Sep 2018 07:27:14 GMT" time="0.043" errors="0">
  <testcase name="deleteScheduleAssignmentEmployeeValidation" time="0.041" classname="OCTS_USECASE_Employee.DeleteScheduleAssignmentEmployeeValidation"/>
</testsuite> <!-- test-number-18 -->
