<?xml version="1.0" encoding="UTF-8"?>
<!-- Generated by org.testng.reporters.JUnitXMLReporter -->
<testsuite hostname="LT075305" ignored="0" name="test-number-3" tests="1" failures="0" timestamp="21 Sep 2018 03:12:35 GMT" time="0.127" errors="0">
  <testcase name="empBusinessUnitValidation" time="0.112" classname="OCTS_USECASE_Employee.EmployeeBusinessUnitValidation"/>
</testsuite> <!-- test-number-3 -->
