<?xml version="1.0" encoding="UTF-8"?>
<!-- Generated by org.testng.reporters.JUnitXMLReporter -->
<testsuite hostname="LT075305" ignored="0" name="test-number-16" tests="1" failures="0" timestamp="23 Sep 2018 04:51:30 GMT" time="137.691" errors="0">
  <testcase name="HCM_ScheduleAssignment" time="137.688" classname="OCTS_USECASE_Employee.HCM_ScheduleAssignment_Webservice_MainClass"/>
</testsuite> <!-- test-number-16 -->
