<?xml version="1.0" encoding="UTF-8"?>
<!-- Generated by org.testng.reporters.JUnitXMLReporter -->
<testsuite hostname="LT075305" ignored="0" name="test-number-3" tests="1" failures="0" timestamp="22 Sep 2018 04:54:34 GMT" time="1751.394" errors="0">
  <testcase name="terminateEmployeevalidation" time="1751.391" classname="OCTS_USECASE_Employee.TerminateEmployee"/>
</testsuite> <!-- test-number-3 -->
