<?xml version="1.0" encoding="UTF-8"?>
<!-- Generated by org.testng.reporters.JUnitXMLReporter -->
<testsuite hostname="LT075305" ignored="0" name="test-number-14" tests="1" failures="0" timestamp="21 Sep 2018 07:27:05 GMT" time="0.077" errors="0">
  <testcase name="salaryEmployeeValidation" time="0.073" classname="OCTS_USECASE_Employee.SalaryEmployeeValidation"/>
</testsuite> <!-- test-number-14 -->
