<?xml version="1.0" encoding="UTF-8"?>
<!-- Generated by org.testng.reporters.JUnitXMLReporter -->
<testsuite hostname="LT075305" ignored="0" name="test-number-7" tests="1" failures="0" timestamp="21 Sep 2018 03:14:49 GMT" time="133.149" errors="0">
  <testcase name="HCM_BenefitGroup" time="133.146" classname="OCTS_USECASE_Employee.HCM_BenefitGroup_Webservice_MainClass"/>
</testsuite> <!-- test-number-7 -->
